<?xml version='1.0' encoding='UTF-8' ?>
<testsuite name="com.example.taskit_v1.EspressoTest" tests="2" failures="0" errors="0" skipped="0" time="2.649" timestamp="2019-11-11T07:48:10" hostname="localhost">
  <properties>
    <property name="device" value="Nexus_5X_API_29_x86(AVD) - 10" />
    <property name="flavor" value="" />
    <property name="project" value="app" />
  </properties>
  <testcase name="ensureTextChangesWork" classname="com.example.taskit_v1.EspressoTest" time="1.915" />
  <testcase name="useAppContext" classname="com.example.taskit_v1.ExampleInstrumentedTest" time="0.027" />
</testsuite>